This is pdfTeX, Version 3.1415926-1.40.10 (TeX Live 2009/Arch Linux) (format=pdflatex 2010.7.30)  31 AUG 2010 23:53
entering extended mode
 restricted \write18 enabled.
 file:line:error style messages enabled.
 %&-line parsing enabled.
**./base.tex
(./base.tex
LaTeX2e <2009/09/24>
Babel <v3.8l> and hyphenation patterns for english, usenglishmax, dumylang, noh
yphenation, german-x-2009-06-19, ngerman-x-2009-06-19, ancientgreek, ibycus, ar
abic, basque, bulgarian, catalan, pinyin, coptic, croatian, czech, danish, dutc
h, esperanto, estonian, farsi, finnish, french, galician, german, ngerman, mono
greek, greek, hungarian, icelandic, indonesian, interlingua, irish, italian, ku
rmanji, latin, latvian, lithuanian, mongolian, mongolian2a, bokmal, nynorsk, po
lish, portuguese, romanian, russian, sanskrit, serbian, slovak, slovenian, span
ish, swedish, turkish, ukenglish, ukrainian, uppersorbian, welsh, loaded.
(/usr/share/texmf-dist/tex/latex/base/book.cls
Document Class: book 2007/10/19 v1.4h Standard LaTeX document class
(/usr/share/texmf-dist/tex/latex/base/bk10.clo
File: bk10.clo 2007/10/19 v1.4h Standard LaTeX file (size option)
)
\c@part=\count79
\c@chapter=\count80
\c@section=\count81
\c@subsection=\count82
\c@subsubsection=\count83
\c@paragraph=\count84
\c@subparagraph=\count85
\c@figure=\count86
\c@table=\count87
\abovecaptionskip=\skip41
\belowcaptionskip=\skip42
\bibindent=\dimen102
)
(/usr/share/texmf-dist/tex/latex/base/inputenc.sty
Package: inputenc 2008/03/30 v1.1d Input encoding file
\inpenc@prehook=\toks14
\inpenc@posthook=\toks15

(/usr/share/texmf-dist/tex/latex/base/utf8.def
File: utf8.def 2008/04/05 v1.1m UTF-8 support for inputenc
Now handling font encoding OML ...
... no UTF-8 mapping file for font encoding OML
Now handling font encoding T1 ...
... processing UTF-8 mapping file for font encoding T1

(/usr/share/texmf-dist/tex/latex/base/t1enc.dfu
File: t1enc.dfu 2008/04/05 v1.1m UTF-8 support for inputenc
   defining Unicode char U+00A1 (decimal 161)
   defining Unicode char U+00A3 (decimal 163)
   defining Unicode char U+00AB (decimal 171)
   defining Unicode char U+00BB (decimal 187)
   defining Unicode char U+00BF (decimal 191)
   defining Unicode char U+00C0 (decimal 192)
   defining Unicode char U+00C1 (decimal 193)
   defining Unicode char U+00C2 (decimal 194)
   defining Unicode char U+00C3 (decimal 195)
   defining Unicode char U+00C4 (decimal 196)
   defining Unicode char U+00C5 (decimal 197)
   defining Unicode char U+00C6 (decimal 198)
   defining Unicode char U+00C7 (decimal 199)
   defining Unicode char U+00C8 (decimal 200)
   defining Unicode char U+00C9 (decimal 201)
   defining Unicode char U+00CA (decimal 202)
   defining Unicode char U+00CB (decimal 203)
   defining Unicode char U+00CC (decimal 204)
   defining Unicode char U+00CD (decimal 205)
   defining Unicode char U+00CE (decimal 206)
   defining Unicode char U+00CF (decimal 207)
   defining Unicode char U+00D0 (decimal 208)
   defining Unicode char U+00D1 (decimal 209)
   defining Unicode char U+00D2 (decimal 210)
   defining Unicode char U+00D3 (decimal 211)
   defining Unicode char U+00D4 (decimal 212)
   defining Unicode char U+00D5 (decimal 213)
   defining Unicode char U+00D6 (decimal 214)
   defining Unicode char U+00D8 (decimal 216)
   defining Unicode char U+00D9 (decimal 217)
   defining Unicode char U+00DA (decimal 218)
   defining Unicode char U+00DB (decimal 219)
   defining Unicode char U+00DC (decimal 220)
   defining Unicode char U+00DD (decimal 221)
   defining Unicode char U+00DE (decimal 222)
   defining Unicode char U+00DF (decimal 223)
   defining Unicode char U+00E0 (decimal 224)
   defining Unicode char U+00E1 (decimal 225)
   defining Unicode char U+00E2 (decimal 226)
   defining Unicode char U+00E3 (decimal 227)
   defining Unicode char U+00E4 (decimal 228)
   defining Unicode char U+00E5 (decimal 229)
   defining Unicode char U+00E6 (decimal 230)
   defining Unicode char U+00E7 (decimal 231)
   defining Unicode char U+00E8 (decimal 232)
   defining Unicode char U+00E9 (decimal 233)
   defining Unicode char U+00EA (decimal 234)
   defining Unicode char U+00EB (decimal 235)
   defining Unicode char U+00EC (decimal 236)
   defining Unicode char U+00ED (decimal 237)
   defining Unicode char U+00EE (decimal 238)
   defining Unicode char U+00EF (decimal 239)
   defining Unicode char U+00F0 (decimal 240)
   defining Unicode char U+00F1 (decimal 241)
   defining Unicode char U+00F2 (decimal 242)
   defining Unicode char U+00F3 (decimal 243)
   defining Unicode char U+00F4 (decimal 244)
   defining Unicode char U+00F5 (decimal 245)
   defining Unicode char U+00F6 (decimal 246)
   defining Unicode char U+00F8 (decimal 248)
   defining Unicode char U+00F9 (decimal 249)
   defining Unicode char U+00FA (decimal 250)
   defining Unicode char U+00FB (decimal 251)
   defining Unicode char U+00FC (decimal 252)
   defining Unicode char U+00FD (decimal 253)
   defining Unicode char U+00FE (decimal 254)
   defining Unicode char U+00FF (decimal 255)
   defining Unicode char U+0102 (decimal 258)
   defining Unicode char U+0103 (decimal 259)
   defining Unicode char U+0104 (decimal 260)
   defining Unicode char U+0105 (decimal 261)
   defining Unicode char U+0106 (decimal 262)
   defining Unicode char U+0107 (decimal 263)
   defining Unicode char U+010C (decimal 268)
   defining Unicode char U+010D (decimal 269)
   defining Unicode char U+010E (decimal 270)
   defining Unicode char U+010F (decimal 271)
   defining Unicode char U+0110 (decimal 272)
   defining Unicode char U+0111 (decimal 273)
   defining Unicode char U+0118 (decimal 280)
   defining Unicode char U+0119 (decimal 281)
   defining Unicode char U+011A (decimal 282)
   defining Unicode char U+011B (decimal 283)
   defining Unicode char U+011E (decimal 286)
   defining Unicode char U+011F (decimal 287)
   defining Unicode char U+0130 (decimal 304)
   defining Unicode char U+0131 (decimal 305)
   defining Unicode char U+0132 (decimal 306)
   defining Unicode char U+0133 (decimal 307)
   defining Unicode char U+0139 (decimal 313)
   defining Unicode char U+013A (decimal 314)
   defining Unicode char U+013D (decimal 317)
   defining Unicode char U+013E (decimal 318)
   defining Unicode char U+0141 (decimal 321)
   defining Unicode char U+0142 (decimal 322)
   defining Unicode char U+0143 (decimal 323)
   defining Unicode char U+0144 (decimal 324)
   defining Unicode char U+0147 (decimal 327)
   defining Unicode char U+0148 (decimal 328)
   defining Unicode char U+014A (decimal 330)
   defining Unicode char U+014B (decimal 331)
   defining Unicode char U+0150 (decimal 336)
   defining Unicode char U+0151 (decimal 337)
   defining Unicode char U+0152 (decimal 338)
   defining Unicode char U+0153 (decimal 339)
   defining Unicode char U+0154 (decimal 340)
   defining Unicode char U+0155 (decimal 341)
   defining Unicode char U+0158 (decimal 344)
   defining Unicode char U+0159 (decimal 345)
   defining Unicode char U+015A (decimal 346)
   defining Unicode char U+015B (decimal 347)
   defining Unicode char U+015E (decimal 350)
   defining Unicode char U+015F (decimal 351)
   defining Unicode char U+0160 (decimal 352)
   defining Unicode char U+0161 (decimal 353)
   defining Unicode char U+0162 (decimal 354)
   defining Unicode char U+0163 (decimal 355)
   defining Unicode char U+0164 (decimal 356)
   defining Unicode char U+0165 (decimal 357)
   defining Unicode char U+016E (decimal 366)
   defining Unicode char U+016F (decimal 367)
   defining Unicode char U+0170 (decimal 368)
   defining Unicode char U+0171 (decimal 369)
   defining Unicode char U+0178 (decimal 376)
   defining Unicode char U+0179 (decimal 377)
   defining Unicode char U+017A (decimal 378)
   defining Unicode char U+017B (decimal 379)
   defining Unicode char U+017C (decimal 380)
   defining Unicode char U+017D (decimal 381)
   defining Unicode char U+017E (decimal 382)
   defining Unicode char U+200C (decimal 8204)
   defining Unicode char U+2013 (decimal 8211)
   defining Unicode char U+2014 (decimal 8212)
   defining Unicode char U+2018 (decimal 8216)
   defining Unicode char U+2019 (decimal 8217)
   defining Unicode char U+201A (decimal 8218)
   defining Unicode char U+201C (decimal 8220)
   defining Unicode char U+201D (decimal 8221)
   defining Unicode char U+201E (decimal 8222)
   defining Unicode char U+2030 (decimal 8240)
   defining Unicode char U+2031 (decimal 8241)
   defining Unicode char U+2039 (decimal 8249)
   defining Unicode char U+203A (decimal 8250)
   defining Unicode char U+2423 (decimal 9251)
)
Now handling font encoding OT1 ...
... processing UTF-8 mapping file for font encoding OT1

(/usr/share/texmf-dist/tex/latex/base/ot1enc.dfu
File: ot1enc.dfu 2008/04/05 v1.1m UTF-8 support for inputenc
   defining Unicode char U+00A1 (decimal 161)
   defining Unicode char U+00A3 (decimal 163)
   defining Unicode char U+00B8 (decimal 184)
   defining Unicode char U+00BF (decimal 191)
   defining Unicode char U+00C5 (decimal 197)
   defining Unicode char U+00C6 (decimal 198)
   defining Unicode char U+00D8 (decimal 216)
   defining Unicode char U+00DF (decimal 223)
   defining Unicode char U+00E6 (decimal 230)
   defining Unicode char U+00EC (decimal 236)
   defining Unicode char U+00ED (decimal 237)
   defining Unicode char U+00EE (decimal 238)
   defining Unicode char U+00EF (decimal 239)
   defining Unicode char U+00F8 (decimal 248)
   defining Unicode char U+0131 (decimal 305)
   defining Unicode char U+0141 (decimal 321)
   defining Unicode char U+0142 (decimal 322)
   defining Unicode char U+0152 (decimal 338)
   defining Unicode char U+0153 (decimal 339)
   defining Unicode char U+2013 (decimal 8211)
   defining Unicode char U+2014 (decimal 8212)
   defining Unicode char U+2018 (decimal 8216)
   defining Unicode char U+2019 (decimal 8217)
   defining Unicode char U+201C (decimal 8220)
   defining Unicode char U+201D (decimal 8221)
)
Now handling font encoding OMS ...
... processing UTF-8 mapping file for font encoding OMS

(/usr/share/texmf-dist/tex/latex/base/omsenc.dfu
File: omsenc.dfu 2008/04/05 v1.1m UTF-8 support for inputenc
   defining Unicode char U+00A7 (decimal 167)
   defining Unicode char U+00B6 (decimal 182)
   defining Unicode char U+00B7 (decimal 183)
   defining Unicode char U+2020 (decimal 8224)
   defining Unicode char U+2021 (decimal 8225)
   defining Unicode char U+2022 (decimal 8226)
)
Now handling font encoding OMX ...
... no UTF-8 mapping file for font encoding OMX
Now handling font encoding U ...
... no UTF-8 mapping file for font encoding U
   defining Unicode char U+00A9 (decimal 169)
   defining Unicode char U+00AA (decimal 170)
   defining Unicode char U+00AE (decimal 174)
   defining Unicode char U+00BA (decimal 186)
   defining Unicode char U+02C6 (decimal 710)
   defining Unicode char U+02DC (decimal 732)
   defining Unicode char U+200C (decimal 8204)
   defining Unicode char U+2026 (decimal 8230)
   defining Unicode char U+2122 (decimal 8482)
   defining Unicode char U+2423 (decimal 9251)
))
(/usr/share/texmf-dist/tex/generic/babel/babel.sty
Package: babel 2008/07/06 v3.8l The Babel package

(/usr/share/texmf-dist/tex/generic/babel/portuges.ldf
Language: portuges 2008/03/18 v1.2q Portuguese support from the babel system

(/usr/share/texmf-dist/tex/generic/babel/babel.def
File: babel.def 2008/07/06 v3.8l Babel common definitions
\babel@savecnt=\count88
\U@D=\dimen103
)
\l@brazilian = a dialect from \language\l@portuges 
Package babel Info: Making " an active character on input line 145.
))
(/usr/share/texmf-dist/tex/latex/base/fontenc.sty
Package: fontenc 2005/09/27 v1.99g Standard LaTeX package

(/usr/share/texmf-dist/tex/latex/base/t1enc.def
File: t1enc.def 2005/09/27 v1.99g Standard LaTeX file
LaTeX Font Info:    Redeclaring font encoding T1 on input line 43.
))
(/usr/share/texmf-dist/tex/latex/libertine/libertine.sty
Package: libertine 2009/05/22a - 4.5.1a -LaTeX: Font libertine - (License GPL) 
Michael Niedermair

(/usr/share/texmf-dist/tex/latex/graphics/keyval.sty
Package: keyval 1999/03/16 v1.13 key=value parser (DPC)
\KV@toks@=\toks16
)
(/usr/share/texmf-dist/tex/latex/tools/calc.sty
Package: calc 2007/08/22 v4.3 Infix arithmetic (KKT,FJ)
\calc@Acount=\count89
\calc@Bcount=\count90
\calc@Adimen=\dimen104
\calc@Bdimen=\dimen105
\calc@Askip=\skip43
\calc@Bskip=\skip44
LaTeX Info: Redefining \setlength on input line 76.
LaTeX Info: Redefining \addtolength on input line 77.
\calc@Ccount=\count91
\calc@Cskip=\skip45
)
(/usr/share/texmf-dist/tex/latex/base/ifthen.sty
Package: ifthen 2001/05/26 v1.1c Standard LaTeX ifthen package (DPC)
)
(/usr/share/texmf-dist/tex/latex/xcolor/xcolor.sty
Package: xcolor 2007/01/21 v2.11 LaTeX color extensions (UK)

(/usr/share/texmf-dist/tex/latex/latexconfig/color.cfg
File: color.cfg 2007/01/18 v1.5 color configuration of teTeX/TeXLive
)
Package xcolor Info: Driver file: pdftex.def on input line 225.

(/usr/share/texmf-dist/tex/latex/pdftex-def/pdftex.def
File: pdftex.def 2009/08/25 v0.04m Graphics/color for pdfTeX
\Gread@gobject=\count92
)
Package xcolor Info: Model `cmy' substituted by `cmy0' on input line 1337.
Package xcolor Info: Model `hsb' substituted by `rgb' on input line 1341.
Package xcolor Info: Model `RGB' extended on input line 1353.
Package xcolor Info: Model `HTML' substituted by `rgb' on input line 1355.
Package xcolor Info: Model `Hsb' substituted by `hsb' on input line 1356.
Package xcolor Info: Model `tHsb' substituted by `hsb' on input line 1357.
Package xcolor Info: Model `HSB' substituted by `hsb' on input line 1358.
Package xcolor Info: Model `Gray' substituted by `gray' on input line 1359.
Package xcolor Info: Model `wave' substituted by `hsb' on input line 1360.
)
(/usr/share/texmf-dist/tex/latex/tools/xspace.sty
Package: xspace 2006/05/08 v1.12 Space after command names (DPC,MH)
)
(/usr/share/texmf-dist/tex/latex/libertine/fxl.inc)
(/usr/share/texmf-dist/tex/latex/libertine/fxb.inc))
(/usr/share/texmf-dist/tex/latex/tipa/tipa.sty
Package: tipa 2002/08/08 TIPA version 1.1

(/usr/share/texmf-dist/tex/latex/base/fontenc.sty
Package: fontenc 2005/09/27 v1.99g Standard LaTeX package

(/usr/share/texmf-dist/tex/latex/tipa/t3enc.def
File: t3enc.def 2001/12/31 T3 encoding
Now handling font encoding T3 ...
... no UTF-8 mapping file for font encoding T3
LaTeX Font Info:    Try loading font information for T1+fxbj on input line 357.


(/usr/share/texmf-dist/tex/latex/libertine/t1fxbj.fd
File: t1fxbj.fd 2009/05/22 scaled font definitions for libertine T1/fxbj (Nm).
)
LaTeX Font Info:    Font shape `T1/fxbj/m/n' will be
(Font)              scaled to size 10.0pt on input line 357.
)
(/usr/share/texmf-dist/tex/latex/base/t1enc.def
File: t1enc.def 2005/09/27 v1.99g Standard LaTeX file
LaTeX Font Info:    Redeclaring font encoding T1 on input line 43.
)))
(/usr/share/texmf-dist/tex/latex/tipa/vowel.sty
Package: vowel 2002/08/08 VOWEL Package version 1.1
\vowelhunit=\dimen106
\vowelvunit=\dimen107
\vowelsep=\dimen108
\vowelline=\dimen109
\@vwlcnt=\count93
\@vwltopsep=\dimen110
\@vwlbotsep=\dimen111
\@vwllftsep=\dimen112
\@vwlrtsep=\dimen113
\@dgmtype=\count94
\@dgmalign=\count95
\@x@=\count96
\@y@=\count97
\@z@=\count98
)

! LaTeX Error: File `avm.sty' not found.

Type X to quit or <RETURN> to proceed,
or enter new name. (Default extension: sty)

Enter file name: 
./base.tex:7: Interruption.
<to be read again> 
                   }
l.7 ^^M
       
? 
(/usr/share/texmf-dist/tex/latex/qtree/qtree.sty
Package: 2008/12/12 v.3.1bQtree: tree-drawing for linguistics
Package: qtree 2008/12/12 v.3.1bQtree: tree-drawing for linguistics

! LaTeX Error: File `pict2e.sty' not found.

Type X to quit or <RETURN> to proceed,
or enter new name. (Default extension: sty)

Enter file name: 
\c@treecount=\count99
\c@branchcount=\count100
\parentbox=\box26
\treebox=\box27
\treeboxone=\box28
\treeboxtwo=\box29
\treeboxthree=\box30
\treeboxfour=\box31
\treeboxfive=\box32
\treeboxsix=\box33
\treeboxseven=\box34
\treeboxeight=\box35
\treeboxnine=\box36
\treeboxten=\box37
\treeboxeleven=\box38
\treeboxtwelve=\box39
\treeboxthirteen=\box40
\treeboxfourteen=\box41
\treeboxfifteen=\box42
\treeboxsixteen=\box43
\treeboxseventeen=\box44
\treeboxeighteen=\box45
\treeboxnineteen=\box46
\treeboxtwenty=\box47
\treeoffsetone=\skip46
\treeoffsettwo=\skip47
\treeoffsetthree=\skip48
\treeoffsetfour=\skip49
\treeoffsetfive=\skip50
\treeoffsetsix=\skip51
\treeoffsetseven=\skip52
\treeoffseteight=\skip53
\treeoffsetnine=\skip54
\treeoffsetten=\skip55
\treeoffseteleven=\skip56
\treeoffsettwelve=\skip57
\treeoffsetthirteen=\skip58
\treeoffsetfourteen=\skip59
\treeoffsetfifteen=\skip60
\treeoffsetsixteen=\skip61
\treeoffsetseventeen=\skip62
\treeoffseteighteen=\skip63
\treeoffsetnineteen=\skip64
\treeoffsettwenty=\skip65
\treeshiftone=\skip66
\treeshifttwo=\skip67
\treeshiftthree=\skip68
\treeshiftfour=\skip69
\treeshiftfive=\skip70
\treeshiftsix=\skip71
\treeshiftseven=\skip72
\treeshifteight=\skip73
\treeshiftnine=\skip74
\treeshiftten=\skip75
\treeshifteleven=\skip76
\treeshifttwelve=\skip77
\treeshiftthirteen=\skip78
\treeshiftfourteen=\skip79
\treeshiftfifteen=\skip80
\treeshiftsixteen=\skip81
\treeshiftseventeen=\skip82
\treeshifteighteen=\skip83
\treeshiftnineteen=\skip84
\treeshifttwenty=\skip85
\treewidthone=\skip86
\treewidthtwo=\skip87
\treewidththree=\skip88
\treewidthfour=\skip89
\treewidthfive=\skip90
\treewidthsix=\skip91
\treewidthseven=\skip92
\treewidtheight=\skip93
\treewidthnine=\skip94
\treewidthten=\skip95
\treewidtheleven=\skip96
\treewidthtwelve=\skip97
\treewidththirteen=\skip98
\treewidthfourteen=\skip99
\treewidthfifteen=\skip100
\treewidthsixteen=\skip101
\treewidthseventeen=\skip102
\treewidtheighteen=\skip103
\treewidthnineteen=\skip104
\treewidthtwenty=\skip105
\daughteroffsetone=\skip106
\daughteroffsettwo=\skip107
\daughteroffsetthree=\skip108
\daughteroffsetfour=\skip109
\branchwidthone=\skip110
\branchwidthtwo=\skip111
\branchwidththree=\skip112
\branchwidthfour=\skip113
\parentoffset=\skip114
\treeoffset=\skip115
\daughteroffset=\skip116
\branchwidth=\skip117
\parentwidth=\skip118
\treewidth=\skip119
\qta=\toks17
\qtb=\toks18
\nbranches=\count101
\qroofx=\count102
\qroofy=\count103
\@qrscratchbox=\box48
) (/usr/share/texmf-dist/tex/latex/graphics/graphicx.sty
Package: graphicx 1999/02/16 v1.0f Enhanced LaTeX Graphics (DPC,SPQR)

(/usr/share/texmf-dist/tex/latex/graphics/graphics.sty
Package: graphics 2009/02/05 v1.0o Standard LaTeX Graphics (DPC,SPQR)

(/usr/share/texmf-dist/tex/latex/graphics/trig.sty
Package: trig 1999/03/16 v1.09 sin cos tan (DPC)
)
(/usr/share/texmf-dist/tex/latex/latexconfig/graphics.cfg
File: graphics.cfg 2009/08/28 v1.8 graphics configuration of TeX Live
)
Package graphics Info: Driver file: pdftex.def on input line 91.
)
\Gin@req@height=\dimen114
\Gin@req@width=\dimen115
)
(/usr/share/texmf-dist/tex/latex/hyperref/hyperref.sty
Package: hyperref 2010/01/16 v6.80c Hypertext links for LaTeX

(/usr/share/texmf-dist/tex/generic/oberdiek/kvsetkeys.sty
Package: kvsetkeys 2009/12/22 v1.7 Key value parser (HO)

(/usr/share/texmf-dist/tex/generic/oberdiek/infwarerr.sty
Package: infwarerr 2007/09/09 v1.2 Providing info/warning/message (HO)
)
(/usr/share/texmf-dist/tex/generic/oberdiek/etexcmds.sty
Package: etexcmds 2007/12/12 v1.2 Prefix for e-TeX command names (HO)
Package etexcmds Info: Could not find \expanded.
(etexcmds)             That can mean that you are not using pdfTeX 1.50 or
(etexcmds)             that some package has redefined \expanded.
(etexcmds)             In the latter case, load this package earlier.
))
(/usr/share/texmf-dist/tex/generic/oberdiek/pdfescape.sty
Package: pdfescape 2007/11/11 v1.8 Provides hex, PDF name and string conversion
s (HO)

(/usr/share/texmf-dist/tex/generic/oberdiek/pdftexcmds.sty
Package: pdftexcmds 2009/12/12 v0.7 Utility functions of pdfTeX for LuaTeX (HO)


(/usr/share/texmf-dist/tex/generic/oberdiek/ifluatex.sty
Package: ifluatex 2009/04/17 v1.2 Provides the ifluatex switch (HO)
Package ifluatex Info: LuaTeX not detected.
)
(/usr/share/texmf-dist/tex/generic/oberdiek/ltxcmds.sty
Package: ltxcmds 2009/12/12 v1.1 LaTeX kernel commands for general use (HO)
)
Package pdftexcmds Info: LuaTeX not detected.
Package pdftexcmds Info: \pdf@primitive is available.
Package pdftexcmds Info: \pdf@ifprimitive is available.
))
(/usr/share/texmf-dist/tex/generic/oberdiek/ifpdf.sty
Package: ifpdf 2009/04/10 v2.0 Provides the ifpdf switch (HO)
Package ifpdf Info: pdfTeX in pdf mode detected.
)
(/usr/share/texmf-dist/tex/generic/oberdiek/ifvtex.sty
Package: ifvtex 2008/11/04 v1.4 Switches for detecting VTeX and its modes (HO)
Package ifvtex Info: VTeX not detected.
)
(/usr/share/texmf-dist/tex/generic/ifxetex/ifxetex.sty
Package: ifxetex 2009/01/23 v0.5 Provides ifxetex conditional
)
(/usr/share/texmf-dist/tex/latex/oberdiek/hycolor.sty
Package: hycolor 2009/12/12 v1.6 Color options of hyperref/bookmark (HO)

(/usr/share/texmf-dist/tex/latex/oberdiek/xcolor-patch.sty
Package: xcolor-patch 2009/12/12 xcolor patch
))
\@linkdim=\dimen116
\Hy@linkcounter=\count104
\Hy@pagecounter=\count105

(/usr/share/texmf-dist/tex/latex/hyperref/pd1enc.def
File: pd1enc.def 2010/01/16 v6.80c Hyperref: PDFDocEncoding definition (HO)
Now handling font encoding PD1 ...
... no UTF-8 mapping file for font encoding PD1
)
(/usr/share/texmf-dist/tex/generic/oberdiek/intcalc.sty
Package: intcalc 2007/09/27 v1.1 Expandable integer calculations (HO)
)
(/usr/share/texmf-dist/tex/latex/latexconfig/hyperref.cfg
File: hyperref.cfg 2002/06/06 v1.2 hyperref configuration of TeXLive
)
(/usr/share/texmf-dist/tex/latex/oberdiek/kvoptions.sty
Package: kvoptions 2009/12/08 v3.6 Keyval support for LaTeX options (HO)
)
Package hyperref Info: Hyper figures OFF on input line 3290.
Package hyperref Info: Link nesting OFF on input line 3295.
Package hyperref Info: Hyper index ON on input line 3298.
Package hyperref Info: Plain pages OFF on input line 3305.
Package hyperref Info: Backreferencing OFF on input line 3310.

Implicit mode ON; LaTeX internals redefined
Package hyperref Info: Bookmarks ON on input line 3506.
(/usr/share/texmf-dist/tex/latex/ltxmisc/url.sty
\Urlmuskip=\muskip10
Package: url 2006/04/12  ver 3.3  Verb mode for urls, etc.
)
LaTeX Info: Redefining \url on input line 3743.

(/usr/share/texmf-dist/tex/generic/oberdiek/bitset.sty
Package: bitset 2007/09/28 v1.0 Data type bit set (HO)

(/usr/share/texmf-dist/tex/generic/oberdiek/bigintcalc.sty
Package: bigintcalc 2007/11/11 v1.1 Expandable big integer calculations (HO)
))
\Fld@menulength=\count106
\Field@Width=\dimen117
\Fld@charsize=\dimen118
\Field@toks=\toks19
Package hyperref Info: Hyper figures OFF on input line 4702.
Package hyperref Info: Link nesting OFF on input line 4707.
Package hyperref Info: Hyper index ON on input line 4710.
Package hyperref Info: backreferencing OFF on input line 4717.
Package hyperref Info: Link coloring OFF on input line 4722.
Package hyperref Info: Link coloring with OCG OFF on input line 4727.
Package hyperref Info: PDF/A mode OFF on input line 4732.

(/usr/share/texmf-dist/tex/generic/oberdiek/atbegshi.sty
Package: atbegshi 2009/12/02 v1.10 At begin shipout hook (HO)
)
\Hy@abspage=\count107
\c@Item=\count108
\c@Hfootnote=\count109
)
*hyperref using default driver hpdftex*
(/usr/share/texmf-dist/tex/latex/hyperref/hpdftex.def
File: hpdftex.def 2010/01/16 v6.80c Hyperref driver for pdfTeX

(/usr/share/texmf-dist/tex/generic/oberdiek/atveryend.sty
Package: atveryend 2009/12/11 v1.3 Hooks at very end of document (HO)
Package atveryend Info: \enddocument detected (standard).
)
\Fld@listcount=\count110
\c@bookmark@seq@number=\count111

(/usr/share/texmf-dist/tex/generic/oberdiek/rerunfilecheck.sty
Package: rerunfilecheck 2009/12/18 v1.2 Rerun checks for auxiliary files (HO)

(/usr/share/texmf-dist/tex/generic/oberdiek/uniquecounter.sty
Package: uniquecounter 2009/12/18 v1.1 Provides unlimited unique counter (HO)
)
Package uniquecounter Info: New unique counter `rerunfilecheck' on input line 3
26.
)
\Hy@SectionHShift=\skip120
)
(/usr/share/texmf-dist/tex/latex/multirow/multirow.sty
/usr/share/texmf-dist/tex/latex/multirow/multirow.sty:2: Interruption.
l.2 
    %% multirow.sty  V1.6 version (5-May-2004)
? 
\bigstrutjot=\dimen119
) (/usr/share/texmf-dist/tex/latex/tools/multicol.sty
Package: multicol 2008/12/05 v1.6h multicolumn formatting (FMi)
\c@tracingmulticols=\count112
\mult@box=\box49
\multicol@leftmargin=\dimen120
\c@unbalance=\count113
\c@collectmore=\count114
\doublecol@number=\count115
\multicoltolerance=\count116
\multicolpretolerance=\count117
\full@width=\dimen121
\page@free=\dimen122
\premulticols=\dimen123
\postmulticols=\dimen124
\multicolsep=\skip121
\multicolbaselineskip=\skip122
\partial@page=\box50
\last@line=\box51
\mult@rightbox=\box52
\mult@grightbox=\box53
\mult@gfirstbox=\box54
\mult@firstbox=\box55
\@tempa=\box56
\@tempa=\box57
\@tempa=\box58
\@tempa=\box59
\@tempa=\box60
\@tempa=\box61
\@tempa=\box62
\@tempa=\box63
\@tempa=\box64
\@tempa=\box65
\@tempa=\box66
\@tempa=\box67
\@tempa=\box68
\@tempa=\box69
\@tempa=\box70
\@tempa=\box71
\@tempa=\box72
\c@columnbadness=\count118
\c@finalcolumnbadness=\count119
\last@try=\dimen125
\multicolovershoot=\dimen126
\multicolundershoot=\dimen127
\mult@nat@firstbox=\box73
\colbreak@box=\box74
)
(/usr/share/texmf-dist/tex/latex/glossaries/base/glossaries.sty
Package: glossaries 2009/11/01 v2.04 (NLCT)

(/usr/share/texmf-dist/tex/latex/xkeyval/xkeyval.sty
Package: xkeyval 2008/08/13 v2.6a package option processing (HA)

(/usr/share/texmf-dist/tex/generic/xkeyval/xkeyval.tex
\XKV@toks=\toks20
\XKV@tempa@toks=\toks21
\XKV@depth=\count120
File: xkeyval.tex 2008/08/13 v2.6a key=value parser (HA)
))
(/usr/share/texmf-dist/tex/latex/glossaries/base/mfirstuc.sty
Package: mfirstuc 2009/11/03 v1.04 (NLCT)
\@glsmfirst=\toks22
\@glsmrest=\toks23
)
(/usr/share/texmf-dist/tex/latex/xfor/xfor.sty
Package: xfor 2009/02/05 v1.05 (NLCT)
)
(/usr/share/texmf-dist/tex/latex/amsmath/amsgen.sty
File: amsgen.sty 1999/11/30 v2.0
\@emptytoks=\toks24
\ex@=\dimen128
)
(/usr/share/texmf-dist/tex/latex/translator/translator.sty
Package: translator 2007/03/11 ver 1.00

(/usr/share/texmf-dist/tex/latex/translator/translator-language-mappings.tex))
\gls@level=\count121
\@gls@tmpb=\toks25
\gls@tmplen=\skip123
\istfile=\write3
\glskeylisttok=\toks26
\glslabeltok=\toks27
\glsshorttok=\toks28
\glslongtok=\toks29

(/usr/share/texmf-dist/tex/latex/glossaries/styles/glossary-hypernav.sty
Package: glossary-hypernav 2007/07/04 v1.01 (NLCT)
)
(/usr/share/texmf-dist/tex/latex/glossaries/styles/glossary-list.sty
Package: glossary-list 2009/05/30 v2.01 (NLCT)
\glslistdottedwidth=\skip124
)
(/usr/share/texmf-dist/tex/latex/glossaries/styles/glossary-long.sty
Package: glossary-long 2009/05/30 v2.01 (NLCT)

(/usr/share/texmf-dist/tex/latex/tools/longtable.sty
Package: longtable 2004/02/01 v4.11 Multi-page Table package (DPC)
\LTleft=\skip125
\LTright=\skip126
\LTpre=\skip127
\LTpost=\skip128
\LTchunksize=\count122
\LTcapwidth=\dimen129
\LT@head=\box75
\LT@firsthead=\box76
\LT@foot=\box77
\LT@lastfoot=\box78
\LT@cols=\count123
\LT@rows=\count124
\c@LT@tables=\count125
\c@LT@chunks=\count126
\LT@p@ftn=\toks30
)
\glsdescwidth=\skip129
\glspagelistwidth=\skip130
)
(/usr/share/texmf-dist/tex/latex/glossaries/styles/glossary-super.sty
Package: glossary-super 2009/05/30 v2.01 (NLCT)

(/usr/share/texmf-dist/tex/latex/supertabular/supertabular.sty
Package: supertabular 2004/02/20 v4.1e the supertabular environment
\c@tracingst=\count127
\ST@wd=\dimen130
\ST@rightskip=\skip131
\ST@leftskip=\skip132
\ST@parfillskip=\skip133
\ST@pageleft=\dimen131
\ST@headht=\dimen132
\ST@tailht=\dimen133
\ST@pagesofar=\dimen134
\ST@pboxht=\dimen135
\ST@lineht=\dimen136
\ST@stretchht=\dimen137
\ST@prevht=\dimen138
\ST@toadd=\dimen139
\ST@dimen=\dimen140
\ST@pbox=\box79
))
(/usr/share/texmf-dist/tex/latex/glossaries/styles/glossary-tree.sty
Package: glossary-tree 2009/01/14 v1.01 (NLCT)
\glstreeindent=\skip134
))
(/usr/share/texmf-dist/tex/latex/soul/soul.sty
Package: soul 2003/11/17 v2.4 letterspacing/underlining (mf)
\SOUL@word=\toks31
\SOUL@lasttoken=\toks32
\SOUL@cmds=\toks33
\SOUL@buffer=\toks34
\SOUL@token=\toks35
\SOUL@spaceskip=\skip135
\SOUL@ttwidth=\dimen141
\SOUL@uldp=\dimen142
\SOUL@ulht=\dimen143
)
(/usr/share/texmf-dist/tex/latex/oberdiek/epstopdf.sty
Package: epstopdf 2009/10/17 v2.4 Conversion with epstopdf on the fly (HO)

(/usr/share/texmf-dist/tex/latex/oberdiek/epstopdf-base.sty
Package: epstopdf-base 2009/10/17 v2.4 Base part for package epstopdf

(/usr/share/texmf-dist/tex/latex/oberdiek/grfext.sty
Package: grfext 2007/09/30 v1.0 Managing graphics extensions (HO)
)
Package grfext Info: Graphics extension search list:
(grfext)             [.png,.pdf,.jpg,.mps,.jpeg,.jbig2,.jb2,.PNG,.PDF,.JPG,.JPE
G,.JBIG2,.JB2,.eps]
(grfext)             \AppendGraphicsExtensions on input line 433.

(/usr/share/texmf-dist/tex/latex/latexconfig/epstopdf-sys.cfg
File: epstopdf-sys.cfg 2009/10/26 v1.1 Configuration of epstopdf for TeX Live
)))
\glo@main@file=\write4
\openout4 = `base.glo'.

Package glossaries Info: Writing glossary file base.glo on input line 8.

\@input{glossario.aux}
\openout2 = `glossario.aux'.

(./glossario.tex
./glossario.tex:15: Interruption.
\@expandtwoargs ...\edef \reserved@a {\noexpand #1
                                                  {#2}{#3}}\reserved@a 
l.15 }
      
? 
) (./base.aux (./introducao.aux) (./filosofia.aux) (./tipografia.aux)
(./recursos.aux) (./terminando.aux) (./links.aux) (./licenca.aux))
\openout1 = `base.aux'.

LaTeX Font Info:    Checking defaults for OML/cmm/m/it on input line 21.
LaTeX Font Info:    ... okay on input line 21.
LaTeX Font Info:    Checking defaults for T1/cmr/m/n on input line 21.
LaTeX Font Info:    ... okay on input line 21.
LaTeX Font Info:    Checking defaults for OT1/cmr/m/n on input line 21.
LaTeX Font Info:    ... okay on input line 21.
LaTeX Font Info:    Checking defaults for OMS/cmsy/m/n on input line 21.
LaTeX Font Info:    ... okay on input line 21.
LaTeX Font Info:    Checking defaults for OMX/cmex/m/n on input line 21.
LaTeX Font Info:    ... okay on input line 21.
LaTeX Font Info:    Checking defaults for U/cmr/m/n on input line 21.
LaTeX Font Info:    ... okay on input line 21.
LaTeX Font Info:    Checking defaults for T3/cmr/m/n on input line 21.
LaTeX Font Info:    Try loading font information for T3+cmr on input line 21.

(/usr/share/texmf-dist/tex/latex/tipa/t3cmr.fd
File: t3cmr.fd 2001/12/31 TIPA font definitions
)
LaTeX Font Info:    ... okay on input line 21.
LaTeX Font Info:    Checking defaults for PD1/pdf/m/n on input line 21.
LaTeX Font Info:    ... okay on input line 21.
LaTeX Font Info:    Try loading font information for T1+fxlj on input line 21.

(/usr/share/texmf-dist/tex/latex/libertine/t1fxlj.fd
File: t1fxlj.fd 2009/05/22 scaled font definitions for libertine T1/fxlj (Nm).
)
LaTeX Font Info:    Font shape `T1/fxlj/m/n' will be
(Font)              scaled to size 10.0pt on input line 21.

(/usr/share/texmf-dist/tex/context/base/supp-pdf.mkii
[Loading MPS to PDF converter (version 2006.09.02).]
\scratchcounter=\count128
\scratchdimen=\dimen144
\scratchbox=\box80
\nofMPsegments=\count129
\nofMParguments=\count130
\everyMPshowfont=\toks36
\MPscratchCnt=\count131
\MPscratchDim=\dimen145
\MPnumerator=\count132
\everyMPtoPDFconversion=\toks37
)
Package hyperref Info: Link coloring OFF on input line 21.
 (/usr/share/texmf-dist/tex/latex/hyperref/nameref.sty
Package: nameref 2009/12/18 v2.35 Cross-referencing by name of section

(/usr/share/texmf-dist/tex/latex/oberdiek/refcount.sty
Package: refcount 2008/08/11 v3.1 Data extraction from references (HO)
)
(/usr/share/texmf-dist/tex/generic/oberdiek/gettitlestring.sty
Package: gettitlestring 2009/12/18 v1.3 Cleanup title references (HO)
)
\c@section@level=\count133
)
LaTeX Info: Redefining \ref on input line 21.
LaTeX Info: Redefining \pageref on input line 21.
 (./base.out)
(./base.out)
\@outlinefile=\write5
\openout5 = `base.out'.

\AtBeginShipoutBox=\box81

(/usr/share/texmf-dist/tex/latex/glossaries/dict/glossaries-dictionary-English.
dict
Dictionary: glossaries-dictionary, Language: English 
)
LaTeX Font Info:    Font shape `T1/fxlj/m/n' will be
(Font)              scaled to size 17.28pt on input line 23.
LaTeX Font Info:    Font shape `T1/fxlj/m/n' will be
(Font)              scaled to size 24.88pt on input line 23.
LaTeX Font Info:    Font shape `T1/fxlj/m/sc' will be
(Font)              scaled to size 24.88pt on input line 23.
LaTeX Font Info:    External font `cmex10' loaded for size
(Font)              <24.88> on input line 23.
LaTeX Font Info:    External font `cmex10' loaded for size
(Font)              <20.74> on input line 23.
LaTeX Font Info:    External font `cmex10' loaded for size
(Font)              <17.28> on input line 23.
LaTeX Font Info:    Font shape `T1/fxlj/m/sc' will be
(Font)              scaled to size 20.74pt on input line 23.
LaTeX Font Info:    Font shape `T1/fxlj/m/n' will be
(Font)              scaled to size 9.0pt on input line 23.
LaTeX Font Info:    Font shape `T1/fxlj/m/it' will be
(Font)              scaled to size 9.0pt on input line 23.
LaTeX Font Info:    Font shape `T1/fxlj/m/n' will be
(Font)              scaled to size 12.0pt on input line 23.
LaTeX Font Info:    External font `cmex10' loaded for size
(Font)              <12> on input line 23.
LaTeX Font Info:    External font `cmex10' loaded for size
(Font)              <8> on input line 23.
LaTeX Font Info:    External font `cmex10' loaded for size
(Font)              <6> on input line 23.
 [1

\openout3 = `base.ist'.




{/usr/share/texmf-var/fonts/map/pdftex/updmap/pdftex.map}]
./base.tex:23: Interruption.
<to be read again> \AtBegShi@Output 
                                    \endgroup \set@typeset@protect 
l.23 \tableofcontents
                     
? 
LaTeX Font Info:    Font shape `T1/fxlj/bx/n' in size <24.88> not available
(Font)              Font shape `T1/fxlj/b/n' tried instead on input line 23.
LaTeX Font Info:    Font shape `T1/fxlj/b/n' will be
(Font)              scaled to size 24.88pt on input line 23.
(./base.toc
LaTeX Font Info:    Font shape `T1/fxlj/bx/n' in size <10> not available
(Font)              Font shape `T1/fxlj/b/n' tried instead on input line 2.
LaTeX Font Info:    Font shape `T1/fxlj/b/n' will be
(Font)              scaled to size 10.0pt on input line 2.
LaTeX Font Info:    External font `cmex10' loaded for size
(Font)              <7> on input line 3.
LaTeX Font Info:    External font `cmex10' loaded for size
(Font)              <5> on input line 3.
LaTeX Font Info:    Font shape `T1/fxlj/bx/n' in size <7> not available
(Font)              Font shape `T1/fxlj/b/n' tried instead on input line 3.
LaTeX Font Info:    Font shape `T1/fxlj/b/n' will be
(Font)              scaled to size 7.0pt on input line 3.
LaTeX Font Info:    Font shape `T1/fxlj/m/it' will be
(Font)              scaled to size 10.0pt on input line 6.
)
\tf@toc=\write6
\openout6 = `base.toc'.

pdfTeX warning (ext4): destination with the same identifier (name{page.1}) has 
been already used, duplicate ignored
<to be read again> 
                   \relax 
l.24 \newpage
              [1

]
\openout2 = `introducao.aux'.

 (./introducao.tex
Cap\'{\i }tulo 1.
LaTeX Font Info:    Font shape `T1/fxlj/m/n' will be
(Font)              scaled to size 20.74pt on input line 1.
LaTeX Font Info:    Font shape `T1/fxlj/bx/n' in size <20.74> not available
(Font)              Font shape `T1/fxlj/b/n' tried instead on input line 1.
LaTeX Font Info:    Font shape `T1/fxlj/b/n' will be
(Font)              scaled to size 20.74pt on input line 1.
LaTeX Font Info:    Font shape `T1/fxlj/m/n' will be
(Font)              scaled to size 7.0pt on input line 3.
LaTeX Font Info:    Try loading font information for T3+fxlj on input line 3.
LaTeX Font Info:    No file T3fxlj.fd. on input line 3.

LaTeX Font Warning: Font shape `T3/fxlj/m/n' undefined
(Font)              using `T3/cmr/m/n' instead on input line 3.

LaTeX Font Info:    Font shape `T1/fxlj/m/n' will be
(Font)              scaled to size 8.0pt on input line 3.
LaTeX Font Info:    Font shape `T1/fxlj/m/n' will be
(Font)              scaled to size 6.0pt on input line 3.
LaTeX Font Info:    Font shape `T1/fxlj/m/sc' will be
(Font)              scaled to size 10.0pt on input line 3.
LaTeX Font Info:    Try loading font information for OMS+fxlj on input line 10.

LaTeX Font Info:    No file OMSfxlj.fd. on input line 10.

LaTeX Font Warning: Font shape `OMS/fxlj/m/n' undefined
(Font)              using `OMS/cmsy/m/n' instead
(Font)              for symbol `textbullet' on input line 10.

[2


]
LaTeX Font Info:    Font shape `T1/fxlj/m/it' will be
(Font)              scaled to size 7.0pt on input line 16.

Overfull \hbox (1.97928pt too wide) in paragraph at lines 16--17
\T1/fxlj/m/n/10 (\T1/fxbj/m/n/10 http://www.tug.org/tex-live/Con-ten-ts/li-ve/t
ex-mf-doc/doc/por-tu-gue-se/l-short-por-tu-gue-
 []

)
LaTeX Font Info:    Font shape `T1/fxlj/m/sl' in size <10> not available
(Font)              Font shape `T1/fxlj/m/it' tried instead on input line 27.
LaTeX Font Info:    Font shape `T1/fxlj/m/it' will be
(Font)              scaled to size 10.0pt on input line 27.
 [3]
\openout2 = `filosofia.aux'.

 (./filosofia.tex
Cap\'{\i }tulo 2.
LaTeX Font Info:    Font shape `T1/fxlj/m/n' will be
(Font)              scaled to size 14.4pt on input line 3.
LaTeX Font Info:    Font shape `T1/fxlj/bx/n' in size <14.4> not available
(Font)              Font shape `T1/fxlj/b/n' tried instead on input line 3.
LaTeX Font Info:    Font shape `T1/fxlj/b/n' will be
(Font)              scaled to size 14.4pt on input line 3.
LaTeX Font Info:    Try loading font information for T1+cmtt on input line 12.
(/usr/share/texmf-dist/tex/latex/base/t1cmtt.fd
File: t1cmtt.fd 1999/05/25 v2.5h Standard LaTeX font definitions
) [4



]
LaTeX Font Info:    Font shape `T1/fxlj/m/sl' in size <7> not available
(Font)              Font shape `T1/fxlj/m/it' tried instead on input line 58.
LaTeX Font Info:    Font shape `T1/fxlj/m/it' will be
(Font)              scaled to size 7.0pt on input line 58.
 [5]
LaTeX Font Info:    Font shape `T1/fxlj/bx/it' in size <14.4> not available
(Font)              Font shape `T1/fxlj/b/it' tried instead on input line 63.
LaTeX Font Info:    Font shape `T1/fxlj/b/it' will be
(Font)              scaled to size 14.4pt on input line 63.
LaTeX Font Info:    Font shape `T1/fxlj/m/it' will be
(Font)              scaled to size 8.0pt on input line 67.
 [6
./filosofia.tex:72: Interruption.
<write> 
        \protect \BOOKMARK [1][-]{section.2.3}{Filosofia open source}{chapte...
l.72 
     
? 
]) [7]
\openout2 = `tipografia.aux'.

 (./tipografia.tex
Cap\'{\i }tulo 3.
LaTeX Font Info:    Font shape `T1/fxlj/bx/n' in size <8> not available
(Font)              Font shape `T1/fxlj/b/n' tried instead on input line 15.
LaTeX Font Info:    Font shape `T1/fxlj/b/n' will be
(Font)              scaled to size 8.0pt on input line 15.
LaTeX Font Info:    Font shape `T1/fxlj/bx/it' in size <10> not available
(Font)              Font shape `T1/fxlj/b/it' tried instead on input line 15.
LaTeX Font Info:    Font shape `T1/fxlj/b/it' will be
(Font)              scaled to size 10.0pt on input line 15.
[8



]
LaTeX Font Info:    Font shape `T1/fxlj/bx/n' in size <12> not available
(Font)              Font shape `T1/fxlj/b/n' tried instead on input line 67.
LaTeX Font Info:    Font shape `T1/fxlj/b/n' will be
(Font)              scaled to size 12.0pt on input line 67.
 [9]
Underfull \hbox (badness 10000) in paragraph at lines 84--85
[]\T1/fxlj/m/n/10 O Sr. João lhe man-dou esta carta,
 []


Overfull \hbox (8.86751pt too wide) in paragraph at lines 104--105
[][]\T1/fxlj/m/n/10 L[]T[]X vs. Word vs. Writ-ter[] (\T1/fxbj/m/n/10 http://oes
trem.com/thingstwice/2007/05/latex-vs-word-
 []

) [10]
\openout2 = `recursos.aux'.

 (./recursos.tex
Cap\'{\i }tulo 4.
[11



]
Overfull \hbox (29.28316pt too wide) in paragraph at lines 39--40
[][]\T1/cmtt/m/n/10 \begin{IPA} 
 []


Overfull \hbox (18.78572pt too wide) in paragraph at lines 43--44
[][]\T1/cmtt/m/n/10 \end{IPA} 
 []


Overfull \hbox (44.4019pt too wide) in paragraph at lines 101--114
[] [] 
 []

[12]

./recursos.tex:169: LaTeX Error: Environment avm undefined.

See the LaTeX manual or LaTeX Companion for explanation.
Type  H <return>  for immediate help.
 ...                                              
                                                  
l.169 \begin{avm}
                 
? 
./recursos.tex:169: Interruption.
\GenericError  ...                                
                                                  \endgroup 
l.169 \begin{avm}
                 
? 
./recursos.tex:171: Misplaced alignment tab character &.
l.171 category &
                 \emph{noun phrase} \\
? 
./recursos.tex:171: Interruption.
<to be read again> 
                    
l.171 category & 
                 \emph{noun phrase} \\
? 
./recursos.tex:172: Missing $ inserted.
<inserted text> 
                $
l.172 
      
? 
./recursos.tex:172: Interruption.
<to be read again> 
                   \par 
l.172 
      
? x
 
Here is how much of TeX's memory you used:
 22644 strings out of 493847
 280277 string characters out of 3153979
 505553 words of memory out of 3000000
 25555 multiletter control sequences out of 15000+200000
 216837 words of font info for 126 fonts, out of 3000000 for 9000
 714 hyphenation exceptions out of 8191
 35i,14n,37p,1194b,461s stack positions out of 5000i,500n,10000p,200000b,50000s
pdfTeX warning (dest): name{glo:hifenizacao} has been referenced but does not e
xist, replaced by a fixed one

pdfTeX warning (dest): name{Hfootnote.5} has been referenced but does not exist
, replaced by a fixed one

pdfTeX warning (dest): name{glo:compilacao} has been referenced but does not ex
ist, replaced by a fixed one

pdfTeX warning (dest): name{glo:irc} has been referenced but does not exist, re
placed by a fixed one

pdfTeX warning (dest): name{glo:gnulinux} has been referenced but does not exis
t, replaced by a fixed one

pdfTeX warning (dest): name{glo:linguagem_marcacao} has been referenced but doe
s not exist, replaced by a fixed one

pdfTeX warning (dest): name{chapter.6} has been referenced but does not exist, 
replaced by a fixed one

pdfTeX warning (dest): name{chapter.5} has been referenced but does not exist, 
replaced by a fixed one

pdfTeX warning (dest): name{section.4.3} has been referenced but does not exist
, replaced by a fixed one

{/usr/share/texmf-dist/fonts/enc/dvips/libertine/xb-8x.enc}{/usr/share/texmf-di
st/fonts/enc/dvips/base/8r.enc}{/usr/share/texmf-dist/fonts/enc/dvips/cm-super/
cm-super-t1.enc}{/usr/share/texmf-dist/fonts/enc/dvips/libertine/xl-8x.enc}</us
r/share/texmf-dist/fonts/type1/public/amsfonts/cm/cmmi10.pfb></usr/share/texmf-
dist/fonts/type1/public/amsfonts/cm/cmr10.pfb></usr/share/texmf-dist/fonts/type
1/public/amsfonts/cm/cmsy10.pfb></usr/share/texmf-dist/fonts/type1/public/liber
tine/fxbr.pfb></usr/share/texmf-dist/fonts/type1/public/libertine/fxlb.pfb></us
r/share/texmf-dist/fonts/type1/public/libertine/fxlbi.pfb></usr/share/texmf-dis
t/fonts/type1/public/libertine/fxlr.pfb></usr/share/texmf-dist/fonts/type1/publ
ic/libertine/fxlri.pfb></usr/share/texmf-dist/fonts/type1/public/cm-super/sftt0
900.pfb></usr/share/texmf-dist/fonts/type1/public/cm-super/sftt1000.pfb></usr/s
hare/texmf-dist/fonts/type1/public/tipa/tipa10.pfb>
Output written on base.pdf (13 pages, 620371 bytes).
PDF statistics:
 250 PDF objects out of 1000 (max. 8388607)
 42 named destinations out of 1000 (max. 500000)
 137 words of extra memory for PDF output out of 10000 (max. 10000000)

